Watching for file changes with StatReloader
/home/marcelo/Documentos/app/apphigiseg/higiseg/views.py changed, reloading.
Watching for file changes with StatReloader
/home/marcelo/Documentos/app/apphigiseg/higiseg/views.py changed, reloading.
Watching for file changes with StatReloader
/home/marcelo/Documentos/app/apphigiseg/higiseg/views.py changed, reloading.
Watching for file changes with StatReloader
/home/marcelo/Documentos/app/apphigiseg/higiseg/views.py changed, reloading.
Watching for file changes with StatReloader
/home/marcelo/Documentos/app/apphigiseg/higiseg/views.py changed, reloading.
Watching for file changes with StatReloader
/home/marcelo/Documentos/app/apphigiseg/higiseg/views.py changed, reloading.
Watching for file changes with StatReloader
/home/marcelo/Documentos/app/apphigiseg/higiseg/views.py changed, reloading.
Watching for file changes with StatReloader
/home/marcelo/Documentos/app/apphigiseg/higiseg/views.py changed, reloading.
Watching for file changes with StatReloader
/home/marcelo/Documentos/app/apphigiseg/higiseg/views.py changed, reloading.
Watching for file changes with StatReloader
/home/marcelo/Documentos/app/apphigiseg/higiseg/views.py changed, reloading.
Watching for file changes with StatReloader
novoAso: Ocorreu um erro: admin
novoAso: Ocorreu um erro: admin
/home/marcelo/Documentos/app/apphigiseg/higiseg/views.py changed, reloading.
Watching for file changes with StatReloader
novoAso: Ocorreu um erro: admin
novoAso: Ocorreu um erro: admin
novoAso: Ocorreu um erro: admin
Watching for file changes with StatReloader
/home/marcelo/Documentos/app/apphigiseg/higiseg/views.py changed, reloading.
Watching for file changes with StatReloader
/home/marcelo/Documentos/app/apphigiseg/higiseg/views.py changed, reloading.
Watching for file changes with StatReloader
Not Found: /users/assets/favicon.ico
/home/marcelo/Documentos/app/apphigiseg/higiseg/views.py changed, reloading.
Watching for file changes with StatReloader
/home/marcelo/Documentos/app/apphigiseg/higiseg/views.py changed, reloading.
Watching for file changes with StatReloader
/home/marcelo/Documentos/app/apphigiseg/higiseg/views.py changed, reloading.
Watching for file changes with StatReloader
/home/marcelo/Documentos/app/apphigiseg/higiseg/views.py changed, reloading.
Watching for file changes with StatReloader
/home/marcelo/Documentos/app/apphigiseg/higiseg/views.py changed, reloading.
Watching for file changes with StatReloader
Watching for file changes with StatReloader
Not Found: /agendamentos/
/home/marcelo/Documentos/app/apphigiseg/higiseg/urls.py changed, reloading.
Watching for file changes with StatReloader
